2022-05-12 11:29:25,973 [INFO] com.mongodb.example.MongodbApplication [main] Starting MongodbApplication on dhruvil-p with PID 26744 (E:\mongodb\target\classes started by dhruvil.p in E:\mongodb)
2022-05-12 11:29:25,987 [INFO] com.mongodb.example.MongodbApplication [main] No active profile set, falling back to default profiles: default
2022-05-12 11:29:27,619 [INFO] org.springframework.data.repository.config.RepositoryConfigurationDelegate [main] Bootstrapping Spring Data MongoDB repositories in DEFAULT mode.
2022-05-12 11:29:27,726 [INFO] org.springframework.data.repository.config.RepositoryConfigurationDelegate [main] Finished Spring Data repository scanning in 97ms. Found 1 MongoDB repository interfaces.
2022-05-12 11:29:28,904 [INFO] org.springframework.boot.web.embedded.tomcat.TomcatWebServer [main] Tomcat initialized with port(s): 8080 (http)
2022-05-12 11:29:28,923 [INFO] org.apache.catalina.core.StandardService [main] Starting service [Tomcat]
2022-05-12 11:29:28,924 [INFO] org.apache.catalina.core.StandardEngine [main] Starting Servlet engine: [Apache Tomcat/9.0.39]
2022-05-12 11:29:29,127 [INFO] org.apache.catalina.core.ContainerBase.[Tomcat].[localhost].[/] [main] Initializing Spring embedded WebApplicationContext
2022-05-12 11:29:29,128 [INFO] org.springframework.boot.web.servlet.context.ServletWebServerApplicationContext [main] Root WebApplicationContext: initialization completed in 2856 ms
2022-05-12 11:29:29,570 [INFO] org.mongodb.driver.cluster [main] Cluster created with settings {hosts=[localhost:27017], mode=SINGLE, requiredClusterType=UNKNOWN, serverSelectionTimeout='30000 ms'}
2022-05-12 11:29:29,659 [INFO] org.mongodb.driver.connection [cluster-ClusterId{value='627ca241ac98303de7c0d025', description='null'}-localhost:27017] Opened connection [connectionId{localValue:1, serverValue:413}] to localhost:27017
2022-05-12 11:29:29,668 [INFO] org.mongodb.driver.cluster [cluster-ClusterId{value='627ca241ac98303de7c0d025', description='null'}-localhost:27017] Monitor thread successfully connected to server with description ServerDescription{address=localhost:27017, type=STANDALONE, state=CONNECTED, ok=true, minWireVersion=0, maxWireVersion=9, maxDocumentSize=16777216, logicalSessionTimeoutMinutes=30, roundTripTimeNanos=4893100}
2022-05-12 11:29:30,500 [INFO] org.springframework.scheduling.concurrent.ThreadPoolTaskExecutor [main] Initializing ExecutorService 'applicationTaskExecutor'
2022-05-12 11:29:30,836 [INFO] org.springframework.boot.web.embedded.tomcat.TomcatWebServer [main] Tomcat started on port(s): 8080 (http) with context path ''
2022-05-12 11:29:30,849 [INFO] com.mongodb.example.MongodbApplication [main] Started MongodbApplication in 6.077 seconds (JVM running for 7.171)
2022-05-12 11:30:01,381 [INFO] org.apache.catalina.core.ContainerBase.[Tomcat].[localhost].[/] [http-nio-8080-exec-1] Initializing Spring DispatcherServlet 'dispatcherServlet'
2022-05-12 11:30:01,381 [INFO] org.springframework.web.servlet.DispatcherServlet [http-nio-8080-exec-1] Initializing Servlet 'dispatcherServlet'
2022-05-12 11:30:01,394 [INFO] org.springframework.web.servlet.DispatcherServlet [http-nio-8080-exec-1] Completed initialization in 13 ms
2022-05-12 11:31:00,786 [INFO] org.springframework.scheduling.concurrent.ThreadPoolTaskExecutor [SpringContextShutdownHook] Shutting down ExecutorService 'applicationTaskExecutor'
2022-05-12 11:31:08,299 [INFO] com.mongodb.example.MongodbApplication [main] Starting MongodbApplication on dhruvil-p with PID 44056 (E:\mongodb\target\classes started by dhruvil.p in E:\mongodb)
2022-05-12 11:31:08,303 [INFO] com.mongodb.example.MongodbApplication [main] No active profile set, falling back to default profiles: default
2022-05-12 11:31:09,840 [INFO] org.springframework.data.repository.config.RepositoryConfigurationDelegate [main] Bootstrapping Spring Data MongoDB repositories in DEFAULT mode.
2022-05-12 11:31:09,945 [INFO] org.springframework.data.repository.config.RepositoryConfigurationDelegate [main] Finished Spring Data repository scanning in 97ms. Found 1 MongoDB repository interfaces.
2022-05-12 11:31:11,423 [INFO] org.springframework.boot.web.embedded.tomcat.TomcatWebServer [main] Tomcat initialized with port(s): 8080 (http)
2022-05-12 11:31:11,453 [INFO] org.apache.catalina.core.StandardService [main] Starting service [Tomcat]
2022-05-12 11:31:11,454 [INFO] org.apache.catalina.core.StandardEngine [main] Starting Servlet engine: [Apache Tomcat/9.0.39]
2022-05-12 11:31:11,662 [INFO] org.apache.catalina.core.ContainerBase.[Tomcat].[localhost].[/] [main] Initializing Spring embedded WebApplicationContext
2022-05-12 11:31:11,663 [INFO] org.springframework.boot.web.servlet.context.ServletWebServerApplicationContext [main] Root WebApplicationContext: initialization completed in 3251 ms
2022-05-12 11:31:11,885 [INFO] org.mongodb.driver.cluster [main] Cluster created with settings {hosts=[localhost:27017], mode=SINGLE, requiredClusterType=UNKNOWN, serverSelectionTimeout='30000 ms'}
2022-05-12 11:31:11,958 [INFO] org.mongodb.driver.connection [cluster-ClusterId{value='627ca2a763a65404ddfd13a3', description='null'}-localhost:27017] Opened connection [connectionId{localValue:1, serverValue:414}] to localhost:27017
2022-05-12 11:31:11,966 [INFO] org.mongodb.driver.cluster [cluster-ClusterId{value='627ca2a763a65404ddfd13a3', description='null'}-localhost:27017] Monitor thread successfully connected to server with description ServerDescription{address=localhost:27017, type=STANDALONE, state=CONNECTED, ok=true, minWireVersion=0, maxWireVersion=9, maxDocumentSize=16777216, logicalSessionTimeoutMinutes=30, roundTripTimeNanos=4208100}
2022-05-12 11:31:12,606 [INFO] org.springframework.scheduling.concurrent.ThreadPoolTaskExecutor [main] Initializing ExecutorService 'applicationTaskExecutor'
2022-05-12 11:31:12,873 [INFO] org.springframework.boot.web.embedded.tomcat.TomcatWebServer [main] Tomcat started on port(s): 8080 (http) with context path ''
2022-05-12 11:31:12,888 [INFO] com.mongodb.example.MongodbApplication [main] Started MongodbApplication in 5.478 seconds (JVM running for 6.464)
2022-05-12 11:31:17,366 [INFO] org.apache.catalina.core.ContainerBase.[Tomcat].[localhost].[/] [http-nio-8080-exec-2] Initializing Spring DispatcherServlet 'dispatcherServlet'
2022-05-12 11:31:17,366 [INFO] org.springframework.web.servlet.DispatcherServlet [http-nio-8080-exec-2] Initializing Servlet 'dispatcherServlet'
2022-05-12 11:31:17,376 [INFO] org.springframework.web.servlet.DispatcherServlet [http-nio-8080-exec-2] Completed initialization in 10 ms
2022-05-12 11:31:46,514 [INFO] org.springframework.scheduling.concurrent.ThreadPoolTaskExecutor [SpringContextShutdownHook] Shutting down ExecutorService 'applicationTaskExecutor'
2022-05-12 11:31:54,701 [INFO] com.mongodb.example.MongodbApplication [main] Starting MongodbApplication on dhruvil-p with PID 46828 (E:\mongodb\target\classes started by dhruvil.p in E:\mongodb)
2022-05-12 11:31:54,705 [INFO] com.mongodb.example.MongodbApplication [main] No active profile set, falling back to default profiles: default
2022-05-12 11:31:56,202 [INFO] org.springframework.data.repository.config.RepositoryConfigurationDelegate [main] Bootstrapping Spring Data MongoDB repositories in DEFAULT mode.
2022-05-12 11:31:56,334 [INFO] org.springframework.data.repository.config.RepositoryConfigurationDelegate [main] Finished Spring Data repository scanning in 120ms. Found 1 MongoDB repository interfaces.
2022-05-12 11:31:57,581 [INFO] org.springframework.boot.web.embedded.tomcat.TomcatWebServer [main] Tomcat initialized with port(s): 8080 (http)
2022-05-12 11:31:57,609 [INFO] org.apache.catalina.core.StandardService [main] Starting service [Tomcat]
2022-05-12 11:31:57,609 [INFO] org.apache.catalina.core.StandardEngine [main] Starting Servlet engine: [Apache Tomcat/9.0.39]
2022-05-12 11:31:57,779 [INFO] org.apache.catalina.core.ContainerBase.[Tomcat].[localhost].[/] [main] Initializing Spring embedded WebApplicationContext
2022-05-12 11:31:57,779 [INFO] org.springframework.boot.web.servlet.context.ServletWebServerApplicationContext [main] Root WebApplicationContext: initialization completed in 2975 ms
2022-05-12 11:31:58,047 [INFO] org.mongodb.driver.cluster [main] Cluster created with settings {hosts=[localhost:27017], mode=SINGLE, requiredClusterType=UNKNOWN, serverSelectionTimeout='30000 ms'}
2022-05-12 11:31:58,121 [INFO] org.mongodb.driver.connection [cluster-ClusterId{value='627ca2d6fbe8042bd02439ca', description='null'}-localhost:27017] Opened connection [connectionId{localValue:1, serverValue:415}] to localhost:27017
2022-05-12 11:31:58,133 [INFO] org.mongodb.driver.cluster [cluster-ClusterId{value='627ca2d6fbe8042bd02439ca', description='null'}-localhost:27017] Monitor thread successfully connected to server with description ServerDescription{address=localhost:27017, type=STANDALONE, state=CONNECTED, ok=true, minWireVersion=0, maxWireVersion=9, maxDocumentSize=16777216, logicalSessionTimeoutMinutes=30, roundTripTimeNanos=5619200}
2022-05-12 11:31:58,773 [INFO] org.springframework.scheduling.concurrent.ThreadPoolTaskExecutor [main] Initializing ExecutorService 'applicationTaskExecutor'
2022-05-12 11:31:59,126 [INFO] org.springframework.boot.web.embedded.tomcat.TomcatWebServer [main] Tomcat started on port(s): 8080 (http) with context path ''
2022-05-12 11:31:59,140 [INFO] com.mongodb.example.MongodbApplication [main] Started MongodbApplication in 5.386 seconds (JVM running for 6.474)
2022-05-12 11:32:02,789 [INFO] org.apache.catalina.core.ContainerBase.[Tomcat].[localhost].[/] [http-nio-8080-exec-1] Initializing Spring DispatcherServlet 'dispatcherServlet'
2022-05-12 11:32:02,789 [INFO] org.springframework.web.servlet.DispatcherServlet [http-nio-8080-exec-1] Initializing Servlet 'dispatcherServlet'
2022-05-12 11:32:02,801 [INFO] org.springframework.web.servlet.DispatcherServlet [http-nio-8080-exec-1] Completed initialization in 12 ms
2022-05-12 11:32:16,005 [INFO] org.mongodb.driver.connection [http-nio-8080-exec-3] Opened connection [connectionId{localValue:2, serverValue:416}] to localhost:27017
2022-05-12 11:32:16,071 [INFO] com.mongodb.example.controller.EmployeeController [http-nio-8080-exec-3] List of the employees:5
2022-05-12 11:53:37,387 [INFO] org.springframework.scheduling.concurrent.ThreadPoolTaskExecutor [SpringContextShutdownHook] Shutting down ExecutorService 'applicationTaskExecutor'
2022-05-12 11:53:37,393 [INFO] org.mongodb.driver.connection [SpringContextShutdownHook] Closed connection [connectionId{localValue:2, serverValue:416}] to localhost:27017 because the pool has been closed.
2022-05-12 11:53:44,056 [INFO] com.mongodb.example.MongodbApplication [main] Starting MongodbApplication on dhruvil-p with PID 40780 (E:\mongodb\target\classes started by dhruvil.p in E:\mongodb)
2022-05-12 11:53:44,060 [INFO] com.mongodb.example.MongodbApplication [main] No active profile set, falling back to default profiles: default
2022-05-12 11:53:45,451 [INFO] org.springframework.data.repository.config.RepositoryConfigurationDelegate [main] Bootstrapping Spring Data MongoDB repositories in DEFAULT mode.
2022-05-12 11:53:45,582 [INFO] org.springframework.data.repository.config.RepositoryConfigurationDelegate [main] Finished Spring Data repository scanning in 123ms. Found 1 MongoDB repository interfaces.
2022-05-12 11:53:46,714 [INFO] org.springframework.boot.web.embedded.tomcat.TomcatWebServer [main] Tomcat initialized with port(s): 8080 (http)
2022-05-12 11:53:46,730 [INFO] org.apache.catalina.core.StandardService [main] Starting service [Tomcat]
2022-05-12 11:53:46,731 [INFO] org.apache.catalina.core.StandardEngine [main] Starting Servlet engine: [Apache Tomcat/9.0.39]
2022-05-12 11:53:46,913 [INFO] org.apache.catalina.core.ContainerBase.[Tomcat].[localhost].[/] [main] Initializing Spring embedded WebApplicationContext
2022-05-12 11:53:46,914 [INFO] org.springframework.boot.web.servlet.context.ServletWebServerApplicationContext [main] Root WebApplicationContext: initialization completed in 2759 ms
2022-05-12 11:53:47,192 [INFO] org.mongodb.driver.cluster [main] Cluster created with settings {hosts=[localhost:27017], mode=SINGLE, requiredClusterType=UNKNOWN, serverSelectionTimeout='30000 ms'}
2022-05-12 11:53:47,276 [INFO] org.mongodb.driver.connection [cluster-ClusterId{value='627ca7f32f3df76426a9237b', description='null'}-localhost:27017] Opened connection [connectionId{localValue:1, serverValue:429}] to localhost:27017
2022-05-12 11:53:47,286 [INFO] org.mongodb.driver.cluster [cluster-ClusterId{value='627ca7f32f3df76426a9237b', description='null'}-localhost:27017] Monitor thread successfully connected to server with description ServerDescription{address=localhost:27017, type=STANDALONE, state=CONNECTED, ok=true, minWireVersion=0, maxWireVersion=9, maxDocumentSize=16777216, logicalSessionTimeoutMinutes=30, roundTripTimeNanos=4952000}
2022-05-12 11:53:47,889 [INFO] org.springframework.scheduling.concurrent.ThreadPoolTaskExecutor [main] Initializing ExecutorService 'applicationTaskExecutor'
2022-05-12 11:53:48,130 [INFO] org.springframework.boot.web.embedded.tomcat.TomcatWebServer [main] Tomcat started on port(s): 8080 (http) with context path ''
2022-05-12 11:53:48,149 [INFO] com.mongodb.example.MongodbApplication [main] Started MongodbApplication in 4.919 seconds (JVM running for 5.846)
2022-05-12 11:53:55,610 [INFO] org.apache.catalina.core.ContainerBase.[Tomcat].[localhost].[/] [http-nio-8080-exec-2] Initializing Spring DispatcherServlet 'dispatcherServlet'
2022-05-12 11:53:55,610 [INFO] org.springframework.web.servlet.DispatcherServlet [http-nio-8080-exec-2] Initializing Servlet 'dispatcherServlet'
2022-05-12 11:53:55,620 [INFO] org.springframework.web.servlet.DispatcherServlet [http-nio-8080-exec-2] Completed initialization in 10 ms
2022-05-12 11:53:55,704 [INFO] org.mongodb.driver.connection [http-nio-8080-exec-2] Opened connection [connectionId{localValue:2, serverValue:430}] to localhost:27017
2022-05-12 11:53:55,760 [INFO] com.mongodb.example.controller.EmployeeController [http-nio-8080-exec-2] List of the employees:5
2022-05-12 11:56:08,429 [INFO] org.springframework.scheduling.concurrent.ThreadPoolTaskExecutor [SpringContextShutdownHook] Shutting down ExecutorService 'applicationTaskExecutor'
2022-05-12 11:56:08,436 [INFO] org.mongodb.driver.connection [SpringContextShutdownHook] Closed connection [connectionId{localValue:2, serverValue:430}] to localhost:27017 because the pool has been closed.
2022-05-12 11:56:15,546 [INFO] com.mongodb.example.MongodbApplication [main] Starting MongodbApplication on dhruvil-p with PID 9780 (E:\mongodb\target\classes started by dhruvil.p in E:\mongodb)
2022-05-12 11:56:15,549 [INFO] com.mongodb.example.MongodbApplication [main] No active profile set, falling back to default profiles: default
2022-05-12 11:56:17,080 [INFO] org.springframework.data.repository.config.RepositoryConfigurationDelegate [main] Bootstrapping Spring Data MongoDB repositories in DEFAULT mode.
2022-05-12 11:56:17,168 [INFO] org.springframework.data.repository.config.RepositoryConfigurationDelegate [main] Finished Spring Data repository scanning in 78ms. Found 1 MongoDB repository interfaces.
2022-05-12 11:56:18,077 [INFO] org.springframework.boot.web.embedded.tomcat.TomcatWebServer [main] Tomcat initialized with port(s): 8080 (http)
2022-05-12 11:56:18,098 [INFO] org.apache.catalina.core.StandardService [main] Starting service [Tomcat]
2022-05-12 11:56:18,099 [INFO] org.apache.catalina.core.StandardEngine [main] Starting Servlet engine: [Apache Tomcat/9.0.39]
2022-05-12 11:56:18,238 [INFO] org.apache.catalina.core.ContainerBase.[Tomcat].[localhost].[/] [main] Initializing Spring embedded WebApplicationContext
2022-05-12 11:56:18,239 [INFO] org.springframework.boot.web.servlet.context.ServletWebServerApplicationContext [main] Root WebApplicationContext: initialization completed in 2570 ms
2022-05-12 11:56:18,461 [INFO] org.mongodb.driver.cluster [main] Cluster created with settings {hosts=[localhost:27017], mode=SINGLE, requiredClusterType=UNKNOWN, serverSelectionTimeout='30000 ms'}
2022-05-12 11:56:18,525 [INFO] org.mongodb.driver.connection [cluster-ClusterId{value='627ca88a2f654f1b0c1aa53d', description='null'}-localhost:27017] Opened connection [connectionId{localValue:1, serverValue:431}] to localhost:27017
2022-05-12 11:56:18,535 [INFO] org.mongodb.driver.cluster [cluster-ClusterId{value='627ca88a2f654f1b0c1aa53d', description='null'}-localhost:27017] Monitor thread successfully connected to server with description ServerDescription{address=localhost:27017, type=STANDALONE, state=CONNECTED, ok=true, minWireVersion=0, maxWireVersion=9, maxDocumentSize=16777216, logicalSessionTimeoutMinutes=30, roundTripTimeNanos=4940000}
2022-05-12 11:56:19,083 [INFO] org.springframework.scheduling.concurrent.ThreadPoolTaskExecutor [main] Initializing ExecutorService 'applicationTaskExecutor'
2022-05-12 11:56:19,333 [INFO] org.springframework.boot.web.embedded.tomcat.TomcatWebServer [main] Tomcat started on port(s): 8080 (http) with context path ''
2022-05-12 11:56:19,355 [INFO] com.mongodb.example.MongodbApplication [main] Started MongodbApplication in 4.623 seconds (JVM running for 5.61)
2022-05-12 11:56:33,245 [INFO] org.apache.catalina.core.ContainerBase.[Tomcat].[localhost].[/] [http-nio-8080-exec-2] Initializing Spring DispatcherServlet 'dispatcherServlet'
2022-05-12 11:56:33,247 [INFO] org.springframework.web.servlet.DispatcherServlet [http-nio-8080-exec-2] Initializing Servlet 'dispatcherServlet'
2022-05-12 11:56:33,261 [INFO] org.springframework.web.servlet.DispatcherServlet [http-nio-8080-exec-2] Completed initialization in 13 ms
2022-05-12 11:57:07,117 [INFO] org.springframework.scheduling.concurrent.ThreadPoolTaskExecutor [SpringContextShutdownHook] Shutting down ExecutorService 'applicationTaskExecutor'
2022-05-12 11:57:13,755 [INFO] com.mongodb.example.MongodbApplication [main] Starting MongodbApplication on dhruvil-p with PID 35532 (E:\mongodb\target\classes started by dhruvil.p in E:\mongodb)
2022-05-12 11:57:13,758 [INFO] com.mongodb.example.MongodbApplication [main] No active profile set, falling back to default profiles: default
2022-05-12 11:57:15,380 [INFO] org.springframework.data.repository.config.RepositoryConfigurationDelegate [main] Bootstrapping Spring Data MongoDB repositories in DEFAULT mode.
2022-05-12 11:57:15,549 [INFO] org.springframework.data.repository.config.RepositoryConfigurationDelegate [main] Finished Spring Data repository scanning in 161ms. Found 1 MongoDB repository interfaces.
2022-05-12 11:57:16,515 [INFO] org.springframework.boot.web.embedded.tomcat.TomcatWebServer [main] Tomcat initialized with port(s): 8080 (http)
2022-05-12 11:57:16,536 [INFO] org.apache.catalina.core.StandardService [main] Starting service [Tomcat]
2022-05-12 11:57:16,537 [INFO] org.apache.catalina.core.StandardEngine [main] Starting Servlet engine: [Apache Tomcat/9.0.39]
2022-05-12 11:57:16,675 [INFO] org.apache.catalina.core.ContainerBase.[Tomcat].[localhost].[/] [main] Initializing Spring embedded WebApplicationContext
2022-05-12 11:57:16,675 [INFO] org.springframework.boot.web.servlet.context.ServletWebServerApplicationContext [main] Root WebApplicationContext: initialization completed in 2786 ms
2022-05-12 11:57:16,892 [INFO] org.mongodb.driver.cluster [main] Cluster created with settings {hosts=[localhost:27017], mode=SINGLE, requiredClusterType=UNKNOWN, serverSelectionTimeout='30000 ms'}
2022-05-12 11:57:16,966 [INFO] org.mongodb.driver.connection [cluster-ClusterId{value='627ca8c4e467d15adce311d7', description='null'}-localhost:27017] Opened connection [connectionId{localValue:1, serverValue:432}] to localhost:27017
2022-05-12 11:57:16,974 [INFO] org.mongodb.driver.cluster [cluster-ClusterId{value='627ca8c4e467d15adce311d7', description='null'}-localhost:27017] Monitor thread successfully connected to server with description ServerDescription{address=localhost:27017, type=STANDALONE, state=CONNECTED, ok=true, minWireVersion=0, maxWireVersion=9, maxDocumentSize=16777216, logicalSessionTimeoutMinutes=30, roundTripTimeNanos=4412700}
2022-05-12 11:57:17,572 [INFO] org.springframework.scheduling.concurrent.ThreadPoolTaskExecutor [main] Initializing ExecutorService 'applicationTaskExecutor'
2022-05-12 11:57:17,834 [INFO] org.springframework.boot.web.embedded.tomcat.TomcatWebServer [main] Tomcat started on port(s): 8080 (http) with context path ''
2022-05-12 11:57:17,848 [INFO] com.mongodb.example.MongodbApplication [main] Started MongodbApplication in 4.914 seconds (JVM running for 5.862)
2022-05-12 11:57:24,165 [INFO] org.apache.catalina.core.ContainerBase.[Tomcat].[localhost].[/] [http-nio-8080-exec-1] Initializing Spring DispatcherServlet 'dispatcherServlet'
2022-05-12 11:57:24,166 [INFO] org.springframework.web.servlet.DispatcherServlet [http-nio-8080-exec-1] Initializing Servlet 'dispatcherServlet'
2022-05-12 11:57:24,177 [INFO] org.springframework.web.servlet.DispatcherServlet [http-nio-8080-exec-1] Completed initialization in 11 ms
2022-05-12 11:58:12,326 [INFO] org.springframework.scheduling.concurrent.ThreadPoolTaskExecutor [SpringContextShutdownHook] Shutting down ExecutorService 'applicationTaskExecutor'
2022-05-12 11:58:19,817 [INFO] com.mongodb.example.MongodbApplication [main] Starting MongodbApplication on dhruvil-p with PID 40888 (E:\mongodb\target\classes started by dhruvil.p in E:\mongodb)
2022-05-12 11:58:19,823 [INFO] com.mongodb.example.MongodbApplication [main] No active profile set, falling back to default profiles: default
2022-05-12 11:58:21,502 [INFO] org.springframework.data.repository.config.RepositoryConfigurationDelegate [main] Bootstrapping Spring Data MongoDB repositories in DEFAULT mode.
2022-05-12 11:58:21,611 [INFO] org.springframework.data.repository.config.RepositoryConfigurationDelegate [main] Finished Spring Data repository scanning in 100ms. Found 1 MongoDB repository interfaces.
2022-05-12 11:58:22,615 [INFO] org.springframework.boot.web.embedded.tomcat.TomcatWebServer [main] Tomcat initialized with port(s): 8080 (http)
2022-05-12 11:58:22,629 [INFO] org.apache.catalina.core.StandardService [main] Starting service [Tomcat]
2022-05-12 11:58:22,630 [INFO] org.apache.catalina.core.StandardEngine [main] Starting Servlet engine: [Apache Tomcat/9.0.39]
2022-05-12 11:58:22,822 [INFO] org.apache.catalina.core.ContainerBase.[Tomcat].[localhost].[/] [main] Initializing Spring embedded WebApplicationContext
2022-05-12 11:58:22,823 [INFO] org.springframework.boot.web.servlet.context.ServletWebServerApplicationContext [main] Root WebApplicationContext: initialization completed in 2810 ms
2022-05-12 11:58:23,341 [INFO] org.mongodb.driver.cluster [main] Cluster created with settings {hosts=[localhost:27017], mode=SINGLE, requiredClusterType=UNKNOWN, serverSelectionTimeout='30000 ms'}
2022-05-12 11:58:23,424 [INFO] org.mongodb.driver.connection [cluster-ClusterId{value='627ca90777647c56e3f13109', description='null'}-localhost:27017] Opened connection [connectionId{localValue:1, serverValue:433}] to localhost:27017
2022-05-12 11:58:23,431 [INFO] org.mongodb.driver.cluster [cluster-ClusterId{value='627ca90777647c56e3f13109', description='null'}-localhost:27017] Monitor thread successfully connected to server with description ServerDescription{address=localhost:27017, type=STANDALONE, state=CONNECTED, ok=true, minWireVersion=0, maxWireVersion=9, maxDocumentSize=16777216, logicalSessionTimeoutMinutes=30, roundTripTimeNanos=3480100}
2022-05-12 11:58:24,002 [INFO] org.springframework.scheduling.concurrent.ThreadPoolTaskExecutor [main] Initializing ExecutorService 'applicationTaskExecutor'
2022-05-12 11:58:24,275 [INFO] org.springframework.boot.web.embedded.tomcat.TomcatWebServer [main] Tomcat started on port(s): 8080 (http) with context path ''
2022-05-12 11:58:24,293 [INFO] com.mongodb.example.MongodbApplication [main] Started MongodbApplication in 5.556 seconds (JVM running for 6.693)
2022-05-12 11:58:27,197 [INFO] org.apache.catalina.core.ContainerBase.[Tomcat].[localhost].[/] [http-nio-8080-exec-2] Initializing Spring DispatcherServlet 'dispatcherServlet'
2022-05-12 11:58:27,197 [INFO] org.springframework.web.servlet.DispatcherServlet [http-nio-8080-exec-2] Initializing Servlet 'dispatcherServlet'
2022-05-12 11:58:27,207 [INFO] org.springframework.web.servlet.DispatcherServlet [http-nio-8080-exec-2] Completed initialization in 10 ms
2022-05-12 12:01:32,179 [INFO] org.springframework.scheduling.concurrent.ThreadPoolTaskExecutor [SpringContextShutdownHook] Shutting down ExecutorService 'applicationTaskExecutor'
2022-05-12 12:01:40,172 [INFO] com.mongodb.example.MongodbApplication [main] Starting MongodbApplication on dhruvil-p with PID 18836 (E:\mongodb\target\classes started by dhruvil.p in E:\mongodb)
2022-05-12 12:01:40,175 [INFO] com.mongodb.example.MongodbApplication [main] No active profile set, falling back to default profiles: default
2022-05-12 12:01:41,823 [INFO] org.springframework.data.repository.config.RepositoryConfigurationDelegate [main] Bootstrapping Spring Data MongoDB repositories in DEFAULT mode.
2022-05-12 12:01:41,943 [INFO] org.springframework.data.repository.config.RepositoryConfigurationDelegate [main] Finished Spring Data repository scanning in 111ms. Found 1 MongoDB repository interfaces.
2022-05-12 12:01:43,153 [INFO] org.springframework.boot.web.embedded.tomcat.TomcatWebServer [main] Tomcat initialized with port(s): 8080 (http)
2022-05-12 12:01:43,176 [INFO] org.apache.catalina.core.StandardService [main] Starting service [Tomcat]
2022-05-12 12:01:43,177 [INFO] org.apache.catalina.core.StandardEngine [main] Starting Servlet engine: [Apache Tomcat/9.0.39]
2022-05-12 12:01:43,393 [INFO] org.apache.catalina.core.ContainerBase.[Tomcat].[localhost].[/] [main] Initializing Spring embedded WebApplicationContext
2022-05-12 12:01:43,394 [INFO] org.springframework.boot.web.servlet.context.ServletWebServerApplicationContext [main] Root WebApplicationContext: initialization completed in 3097 ms
2022-05-12 12:01:43,635 [INFO] org.mongodb.driver.cluster [main] Cluster created with settings {hosts=[localhost:27017], mode=SINGLE, requiredClusterType=UNKNOWN, serverSelectionTimeout='30000 ms'}
2022-05-12 12:01:43,728 [INFO] org.mongodb.driver.connection [cluster-ClusterId{value='627ca9cf0be5823a18e824fc', description='null'}-localhost:27017] Opened connection [connectionId{localValue:1, serverValue:434}] to localhost:27017
2022-05-12 12:01:43,742 [INFO] org.mongodb.driver.cluster [cluster-ClusterId{value='627ca9cf0be5823a18e824fc', description='null'}-localhost:27017] Monitor thread successfully connected to server with description ServerDescription{address=localhost:27017, type=STANDALONE, state=CONNECTED, ok=true, minWireVersion=0, maxWireVersion=9, maxDocumentSize=16777216, logicalSessionTimeoutMinutes=30, roundTripTimeNanos=6964800}
2022-05-12 12:01:44,414 [INFO] org.springframework.scheduling.concurrent.ThreadPoolTaskExecutor [main] Initializing ExecutorService 'applicationTaskExecutor'
2022-05-12 12:01:44,726 [INFO] org.springframework.boot.web.embedded.tomcat.TomcatWebServer [main] Tomcat started on port(s): 8080 (http) with context path ''
2022-05-12 12:01:44,750 [INFO] com.mongodb.example.MongodbApplication [main] Started MongodbApplication in 5.517 seconds (JVM running for 6.759)
2022-05-12 12:01:48,398 [INFO] org.apache.catalina.core.ContainerBase.[Tomcat].[localhost].[/] [http-nio-8080-exec-2] Initializing Spring DispatcherServlet 'dispatcherServlet'
2022-05-12 12:01:48,398 [INFO] org.springframework.web.servlet.DispatcherServlet [http-nio-8080-exec-2] Initializing Servlet 'dispatcherServlet'
2022-05-12 12:01:48,411 [INFO] org.springframework.web.servlet.DispatcherServlet [http-nio-8080-exec-2] Completed initialization in 13 ms
2022-05-12 12:04:04,292 [INFO] org.springframework.scheduling.concurrent.ThreadPoolTaskExecutor [SpringContextShutdownHook] Shutting down ExecutorService 'applicationTaskExecutor'
2022-05-12 12:04:11,371 [INFO] com.mongodb.example.MongodbApplication [main] Starting MongodbApplication on dhruvil-p with PID 37116 (E:\mongodb\target\classes started by dhruvil.p in E:\mongodb)
2022-05-12 12:04:11,375 [INFO] com.mongodb.example.MongodbApplication [main] No active profile set, falling back to default profiles: default
2022-05-12 12:04:12,899 [INFO] org.springframework.data.repository.config.RepositoryConfigurationDelegate [main] Bootstrapping Spring Data MongoDB repositories in DEFAULT mode.
2022-05-12 12:04:13,085 [INFO] org.springframework.data.repository.config.RepositoryConfigurationDelegate [main] Finished Spring Data repository scanning in 177ms. Found 1 MongoDB repository interfaces.
2022-05-12 12:04:14,247 [INFO] org.springframework.boot.web.embedded.tomcat.TomcatWebServer [main] Tomcat initialized with port(s): 8080 (http)
2022-05-12 12:04:14,275 [INFO] org.apache.catalina.core.StandardService [main] Starting service [Tomcat]
2022-05-12 12:04:14,276 [INFO] org.apache.catalina.core.StandardEngine [main] Starting Servlet engine: [Apache Tomcat/9.0.39]
2022-05-12 12:04:14,435 [INFO] org.apache.catalina.core.ContainerBase.[Tomcat].[localhost].[/] [main] Initializing Spring embedded WebApplicationContext
2022-05-12 12:04:14,435 [INFO] org.springframework.boot.web.servlet.context.ServletWebServerApplicationContext [main] Root WebApplicationContext: initialization completed in 2932 ms
2022-05-12 12:04:14,641 [INFO] org.mongodb.driver.cluster [main] Cluster created with settings {hosts=[localhost:27017], mode=SINGLE, requiredClusterType=UNKNOWN, serverSelectionTimeout='30000 ms'}
2022-05-12 12:04:14,705 [INFO] org.mongodb.driver.connection [cluster-ClusterId{value='627caa66bb783440de1dffd2', description='null'}-localhost:27017] Opened connection [connectionId{localValue:1, serverValue:435}] to localhost:27017
2022-05-12 12:04:14,725 [INFO] org.mongodb.driver.cluster [cluster-ClusterId{value='627caa66bb783440de1dffd2', description='null'}-localhost:27017] Monitor thread successfully connected to server with description ServerDescription{address=localhost:27017, type=STANDALONE, state=CONNECTED, ok=true, minWireVersion=0, maxWireVersion=9, maxDocumentSize=16777216, logicalSessionTimeoutMinutes=30, roundTripTimeNanos=13801100}
2022-05-12 12:04:15,401 [INFO] org.springframework.scheduling.concurrent.ThreadPoolTaskExecutor [main] Initializing ExecutorService 'applicationTaskExecutor'
2022-05-12 12:04:15,741 [INFO] org.springframework.boot.web.embedded.tomcat.TomcatWebServer [main] Tomcat started on port(s): 8080 (http) with context path ''
2022-05-12 12:04:15,756 [INFO] com.mongodb.example.MongodbApplication [main] Started MongodbApplication in 5.245 seconds (JVM running for 6.221)
2022-05-12 12:04:18,908 [INFO] org.apache.catalina.core.ContainerBase.[Tomcat].[localhost].[/] [http-nio-8080-exec-2] Initializing Spring DispatcherServlet 'dispatcherServlet'
2022-05-12 12:04:18,908 [INFO] org.springframework.web.servlet.DispatcherServlet [http-nio-8080-exec-2] Initializing Servlet 'dispatcherServlet'
2022-05-12 12:04:18,921 [INFO] org.springframework.web.servlet.DispatcherServlet [http-nio-8080-exec-2] Completed initialization in 12 ms
2022-05-12 12:04:40,417 [INFO] org.springframework.scheduling.concurrent.ThreadPoolTaskExecutor [SpringContextShutdownHook] Shutting down ExecutorService 'applicationTaskExecutor'
2022-05-12 12:04:47,896 [INFO] com.mongodb.example.MongodbApplication [main] Starting MongodbApplication on dhruvil-p with PID 40564 (E:\mongodb\target\classes started by dhruvil.p in E:\mongodb)
2022-05-12 12:04:47,900 [INFO] com.mongodb.example.MongodbApplication [main] No active profile set, falling back to default profiles: default
2022-05-12 12:04:49,407 [INFO] org.springframework.data.repository.config.RepositoryConfigurationDelegate [main] Bootstrapping Spring Data MongoDB repositories in DEFAULT mode.
2022-05-12 12:04:49,489 [INFO] org.springframework.data.repository.config.RepositoryConfigurationDelegate [main] Finished Spring Data repository scanning in 75ms. Found 1 MongoDB repository interfaces.
2022-05-12 12:04:50,550 [INFO] org.springframework.boot.web.embedded.tomcat.TomcatWebServer [main] Tomcat initialized with port(s): 8080 (http)
2022-05-12 12:04:50,563 [INFO] org.apache.catalina.core.StandardService [main] Starting service [Tomcat]
2022-05-12 12:04:50,563 [INFO] org.apache.catalina.core.StandardEngine [main] Starting Servlet engine: [Apache Tomcat/9.0.39]
2022-05-12 12:04:50,738 [INFO] org.apache.catalina.core.ContainerBase.[Tomcat].[localhost].[/] [main] Initializing Spring embedded WebApplicationContext
2022-05-12 12:04:50,738 [INFO] org.springframework.boot.web.servlet.context.ServletWebServerApplicationContext [main] Root WebApplicationContext: initialization completed in 2691 ms
2022-05-12 12:04:50,936 [INFO] org.mongodb.driver.cluster [main] Cluster created with settings {hosts=[localhost:27017], mode=SINGLE, requiredClusterType=UNKNOWN, serverSelectionTimeout='30000 ms'}
2022-05-12 12:04:51,010 [INFO] org.mongodb.driver.connection [cluster-ClusterId{value='627caa8a254fdf56b2098e88', description='null'}-localhost:27017] Opened connection [connectionId{localValue:1, serverValue:436}] to localhost:27017
2022-05-12 12:04:51,018 [INFO] org.mongodb.driver.cluster [cluster-ClusterId{value='627caa8a254fdf56b2098e88', description='null'}-localhost:27017] Monitor thread successfully connected to server with description ServerDescription{address=localhost:27017, type=STANDALONE, state=CONNECTED, ok=true, minWireVersion=0, maxWireVersion=9, maxDocumentSize=16777216, logicalSessionTimeoutMinutes=30, roundTripTimeNanos=4461400}
2022-05-12 12:04:51,624 [INFO] org.springframework.scheduling.concurrent.ThreadPoolTaskExecutor [main] Initializing ExecutorService 'applicationTaskExecutor'
2022-05-12 12:04:51,879 [INFO] org.springframework.boot.web.embedded.tomcat.TomcatWebServer [main] Tomcat started on port(s): 8080 (http) with context path ''
2022-05-12 12:04:51,892 [INFO] com.mongodb.example.MongodbApplication [main] Started MongodbApplication in 4.887 seconds (JVM running for 5.841)
2022-05-12 12:04:54,969 [INFO] org.apache.catalina.core.ContainerBase.[Tomcat].[localhost].[/] [http-nio-8080-exec-2] Initializing Spring DispatcherServlet 'dispatcherServlet'
2022-05-12 12:04:54,970 [INFO] org.springframework.web.servlet.DispatcherServlet [http-nio-8080-exec-2] Initializing Servlet 'dispatcherServlet'
2022-05-12 12:04:54,979 [INFO] org.springframework.web.servlet.DispatcherServlet [http-nio-8080-exec-2] Completed initialization in 9 ms
2022-05-12 12:04:55,079 [INFO] org.mongodb.driver.connection [http-nio-8080-exec-2] Opened connection [connectionId{localValue:2, serverValue:437}] to localhost:27017
2022-05-12 12:15:34,202 [INFO] org.springframework.scheduling.concurrent.ThreadPoolTaskExecutor [SpringContextShutdownHook] Shutting down ExecutorService 'applicationTaskExecutor'
2022-05-12 12:15:34,207 [INFO] org.mongodb.driver.connection [SpringContextShutdownHook] Closed connection [connectionId{localValue:2, serverValue:437}] to localhost:27017 because the pool has been closed.
2022-05-12 12:15:41,631 [INFO] com.mongodb.example.MongodbApplication [main] Starting MongodbApplication on dhruvil-p with PID 21696 (E:\mongodb\target\classes started by dhruvil.p in E:\mongodb)
2022-05-12 12:15:41,635 [INFO] com.mongodb.example.MongodbApplication [main] No active profile set, falling back to default profiles: default
2022-05-12 12:15:43,302 [INFO] org.springframework.data.repository.config.RepositoryConfigurationDelegate [main] Bootstrapping Spring Data MongoDB repositories in DEFAULT mode.
2022-05-12 12:15:43,437 [INFO] org.springframework.data.repository.config.RepositoryConfigurationDelegate [main] Finished Spring Data repository scanning in 126ms. Found 1 MongoDB repository interfaces.
2022-05-12 12:15:44,532 [INFO] org.springframework.boot.web.embedded.tomcat.TomcatWebServer [main] Tomcat initialized with port(s): 8080 (http)
2022-05-12 12:15:44,550 [INFO] org.apache.catalina.core.StandardService [main] Starting service [Tomcat]
2022-05-12 12:15:44,551 [INFO] org.apache.catalina.core.StandardEngine [main] Starting Servlet engine: [Apache Tomcat/9.0.39]
2022-05-12 12:15:44,706 [INFO] org.apache.catalina.core.ContainerBase.[Tomcat].[localhost].[/] [main] Initializing Spring embedded WebApplicationContext
2022-05-12 12:15:44,707 [INFO] org.springframework.boot.web.servlet.context.ServletWebServerApplicationContext [main] Root WebApplicationContext: initialization completed in 2930 ms
2022-05-12 12:15:45,033 [INFO] org.mongodb.driver.cluster [main] Cluster created with settings {hosts=[localhost:27017], mode=SINGLE, requiredClusterType=UNKNOWN, serverSelectionTimeout='30000 ms'}
2022-05-12 12:15:45,112 [INFO] org.mongodb.driver.connection [cluster-ClusterId{value='627cad1924cc521622303b6f', description='null'}-localhost:27017] Opened connection [connectionId{localValue:1, serverValue:438}] to localhost:27017
2022-05-12 12:15:45,122 [INFO] org.mongodb.driver.cluster [cluster-ClusterId{value='627cad1924cc521622303b6f', description='null'}-localhost:27017] Monitor thread successfully connected to server with description ServerDescription{address=localhost:27017, type=STANDALONE, state=CONNECTED, ok=true, minWireVersion=0, maxWireVersion=9, maxDocumentSize=16777216, logicalSessionTimeoutMinutes=30, roundTripTimeNanos=5507900}
2022-05-12 12:15:45,686 [INFO] org.springframework.scheduling.concurrent.ThreadPoolTaskExecutor [main] Initializing ExecutorService 'applicationTaskExecutor'
2022-05-12 12:15:45,943 [INFO] org.springframework.boot.web.embedded.tomcat.TomcatWebServer [main] Tomcat started on port(s): 8080 (http) with context path ''
2022-05-12 12:15:45,958 [INFO] com.mongodb.example.MongodbApplication [main] Started MongodbApplication in 5.698 seconds (JVM running for 6.684)
2022-05-12 12:15:49,659 [INFO] org.apache.catalina.core.ContainerBase.[Tomcat].[localhost].[/] [http-nio-8080-exec-2] Initializing Spring DispatcherServlet 'dispatcherServlet'
2022-05-12 12:15:49,659 [INFO] org.springframework.web.servlet.DispatcherServlet [http-nio-8080-exec-2] Initializing Servlet 'dispatcherServlet'
2022-05-12 12:15:49,667 [INFO] org.springframework.web.servlet.DispatcherServlet [http-nio-8080-exec-2] Completed initialization in 8 ms
2022-05-12 12:16:07,607 [INFO] org.springframework.scheduling.concurrent.ThreadPoolTaskExecutor [SpringContextShutdownHook] Shutting down ExecutorService 'applicationTaskExecutor'
2022-05-12 12:16:14,611 [INFO] com.mongodb.example.MongodbApplication [main] Starting MongodbApplication on dhruvil-p with PID 41144 (E:\mongodb\target\classes started by dhruvil.p in E:\mongodb)
2022-05-12 12:16:14,616 [INFO] com.mongodb.example.MongodbApplication [main] No active profile set, falling back to default profiles: default
2022-05-12 12:16:16,089 [INFO] org.springframework.data.repository.config.RepositoryConfigurationDelegate [main] Bootstrapping Spring Data MongoDB repositories in DEFAULT mode.
2022-05-12 12:16:16,216 [INFO] org.springframework.data.repository.config.RepositoryConfigurationDelegate [main] Finished Spring Data repository scanning in 119ms. Found 1 MongoDB repository interfaces.
2022-05-12 12:16:17,191 [INFO] org.springframework.boot.web.embedded.tomcat.TomcatWebServer [main] Tomcat initialized with port(s): 8080 (http)
2022-05-12 12:16:17,213 [INFO] org.apache.catalina.core.StandardService [main] Starting service [Tomcat]
2022-05-12 12:16:17,214 [INFO] org.apache.catalina.core.StandardEngine [main] Starting Servlet engine: [Apache Tomcat/9.0.39]
2022-05-12 12:16:17,358 [INFO] org.apache.catalina.core.ContainerBase.[Tomcat].[localhost].[/] [main] Initializing Spring embedded WebApplicationContext
2022-05-12 12:16:17,359 [INFO] org.springframework.boot.web.servlet.context.ServletWebServerApplicationContext [main] Root WebApplicationContext: initialization completed in 2641 ms
2022-05-12 12:16:17,569 [INFO] org.mongodb.driver.cluster [main] Cluster created with settings {hosts=[localhost:27017], mode=SINGLE, requiredClusterType=UNKNOWN, serverSelectionTimeout='30000 ms'}
2022-05-12 12:16:17,658 [INFO] org.mongodb.driver.connection [cluster-ClusterId{value='627cad398888dd7ffb75b6ca', description='null'}-localhost:27017] Opened connection [connectionId{localValue:1, serverValue:439}] to localhost:27017
2022-05-12 12:16:17,667 [INFO] org.mongodb.driver.cluster [cluster-ClusterId{value='627cad398888dd7ffb75b6ca', description='null'}-localhost:27017] Monitor thread successfully connected to server with description ServerDescription{address=localhost:27017, type=STANDALONE, state=CONNECTED, ok=true, minWireVersion=0, maxWireVersion=9, maxDocumentSize=16777216, logicalSessionTimeoutMinutes=30, roundTripTimeNanos=4359500}
2022-05-12 12:16:18,254 [INFO] org.springframework.scheduling.concurrent.ThreadPoolTaskExecutor [main] Initializing ExecutorService 'applicationTaskExecutor'
2022-05-12 12:16:18,495 [INFO] org.springframework.boot.web.embedded.tomcat.TomcatWebServer [main] Tomcat started on port(s): 8080 (http) with context path ''
2022-05-12 12:16:18,512 [INFO] com.mongodb.example.MongodbApplication [main] Started MongodbApplication in 4.685 seconds (JVM running for 5.672)
2022-05-12 12:16:23,430 [INFO] org.apache.catalina.core.ContainerBase.[Tomcat].[localhost].[/] [http-nio-8080-exec-2] Initializing Spring DispatcherServlet 'dispatcherServlet'
2022-05-12 12:16:23,430 [INFO] org.springframework.web.servlet.DispatcherServlet [http-nio-8080-exec-2] Initializing Servlet 'dispatcherServlet'
2022-05-12 12:16:23,439 [INFO] org.springframework.web.servlet.DispatcherServlet [http-nio-8080-exec-2] Completed initialization in 9 ms
2022-05-12 12:16:23,516 [INFO] org.mongodb.driver.connection [http-nio-8080-exec-2] Opened connection [connectionId{localValue:2, serverValue:440}] to localhost:27017
2022-05-12 12:17:27,181 [INFO] org.springframework.scheduling.concurrent.ThreadPoolTaskExecutor [SpringContextShutdownHook] Shutting down ExecutorService 'applicationTaskExecutor'
2022-05-12 12:17:27,188 [INFO] org.mongodb.driver.connection [SpringContextShutdownHook] Closed connection [connectionId{localValue:2, serverValue:440}] to localhost:27017 because the pool has been closed.
2022-05-12 12:17:34,235 [INFO] com.mongodb.example.MongodbApplication [main] Starting MongodbApplication on dhruvil-p with PID 44360 (E:\mongodb\target\classes started by dhruvil.p in E:\mongodb)
2022-05-12 12:17:34,238 [INFO] com.mongodb.example.MongodbApplication [main] No active profile set, falling back to default profiles: default
2022-05-12 12:17:35,725 [INFO] org.springframework.data.repository.config.RepositoryConfigurationDelegate [main] Bootstrapping Spring Data MongoDB repositories in DEFAULT mode.
2022-05-12 12:17:35,851 [INFO] org.springframework.data.repository.config.RepositoryConfigurationDelegate [main] Finished Spring Data repository scanning in 119ms. Found 1 MongoDB repository interfaces.
2022-05-12 12:17:36,969 [INFO] org.springframework.boot.web.embedded.tomcat.TomcatWebServer [main] Tomcat initialized with port(s): 8080 (http)
2022-05-12 12:17:37,004 [INFO] org.apache.catalina.core.StandardService [main] Starting service [Tomcat]
2022-05-12 12:17:37,006 [INFO] org.apache.catalina.core.StandardEngine [main] Starting Servlet engine: [Apache Tomcat/9.0.39]
2022-05-12 12:17:37,193 [INFO] org.apache.catalina.core.ContainerBase.[Tomcat].[localhost].[/] [main] Initializing Spring embedded WebApplicationContext
2022-05-12 12:17:37,194 [INFO] org.springframework.boot.web.servlet.context.ServletWebServerApplicationContext [main] Root WebApplicationContext: initialization completed in 2816 ms
2022-05-12 12:17:37,436 [INFO] org.mongodb.driver.cluster [main] Cluster created with settings {hosts=[localhost:27017], mode=SINGLE, requiredClusterType=UNKNOWN, serverSelectionTimeout='30000 ms'}
2022-05-12 12:17:37,517 [INFO] org.mongodb.driver.connection [cluster-ClusterId{value='627cad8951e77922109bb8b0', description='null'}-localhost:27017] Opened connection [connectionId{localValue:1, serverValue:441}] to localhost:27017
2022-05-12 12:17:37,525 [INFO] org.mongodb.driver.cluster [cluster-ClusterId{value='627cad8951e77922109bb8b0', description='null'}-localhost:27017] Monitor thread successfully connected to server with description ServerDescription{address=localhost:27017, type=STANDALONE, state=CONNECTED, ok=true, minWireVersion=0, maxWireVersion=9, maxDocumentSize=16777216, logicalSessionTimeoutMinutes=30, roundTripTimeNanos=3737500}
2022-05-12 12:17:38,138 [INFO] org.springframework.scheduling.concurrent.ThreadPoolTaskExecutor [main] Initializing ExecutorService 'applicationTaskExecutor'
2022-05-12 12:17:38,398 [INFO] org.springframework.boot.web.embedded.tomcat.TomcatWebServer [main] Tomcat started on port(s): 8080 (http) with context path ''
2022-05-12 12:17:38,417 [INFO] com.mongodb.example.MongodbApplication [main] Started MongodbApplication in 5.067 seconds (JVM running for 6.021)
2022-05-12 12:17:43,107 [INFO] org.apache.catalina.core.ContainerBase.[Tomcat].[localhost].[/] [http-nio-8080-exec-2] Initializing Spring DispatcherServlet 'dispatcherServlet'
2022-05-12 12:17:43,108 [INFO] org.springframework.web.servlet.DispatcherServlet [http-nio-8080-exec-2] Initializing Servlet 'dispatcherServlet'
2022-05-12 12:17:43,120 [INFO] org.springframework.web.servlet.DispatcherServlet [http-nio-8080-exec-2] Completed initialization in 12 ms
2022-05-12 12:18:32,289 [INFO] org.springframework.scheduling.concurrent.ThreadPoolTaskExecutor [SpringContextShutdownHook] Shutting down ExecutorService 'applicationTaskExecutor'
2022-05-12 12:18:39,643 [INFO] com.mongodb.example.MongodbApplication [main] Starting MongodbApplication on dhruvil-p with PID 4288 (E:\mongodb\target\classes started by dhruvil.p in E:\mongodb)
2022-05-12 12:18:39,653 [INFO] com.mongodb.example.MongodbApplication [main] No active profile set, falling back to default profiles: default
2022-05-12 12:18:41,536 [INFO] org.springframework.data.repository.config.RepositoryConfigurationDelegate [main] Bootstrapping Spring Data MongoDB repositories in DEFAULT mode.
2022-05-12 12:18:41,658 [INFO] org.springframework.data.repository.config.RepositoryConfigurationDelegate [main] Finished Spring Data repository scanning in 114ms. Found 1 MongoDB repository interfaces.
2022-05-12 12:18:42,772 [INFO] org.springframework.boot.web.embedded.tomcat.TomcatWebServer [main] Tomcat initialized with port(s): 8080 (http)
2022-05-12 12:18:42,785 [INFO] org.apache.catalina.core.StandardService [main] Starting service [Tomcat]
2022-05-12 12:18:42,785 [INFO] org.apache.catalina.core.StandardEngine [main] Starting Servlet engine: [Apache Tomcat/9.0.39]
2022-05-12 12:18:43,058 [INFO] org.apache.catalina.core.ContainerBase.[Tomcat].[localhost].[/] [main] Initializing Spring embedded WebApplicationContext
2022-05-12 12:18:43,058 [INFO] org.springframework.boot.web.servlet.context.ServletWebServerApplicationContext [main] Root WebApplicationContext: initialization completed in 3265 ms
2022-05-12 12:18:43,253 [INFO] org.mongodb.driver.cluster [main] Cluster created with settings {hosts=[localhost:27017], mode=SINGLE, requiredClusterType=UNKNOWN, serverSelectionTimeout='30000 ms'}
2022-05-12 12:18:43,332 [INFO] org.mongodb.driver.connection [cluster-ClusterId{value='627cadcb80f58c7cd242099b', description='null'}-localhost:27017] Opened connection [connectionId{localValue:1, serverValue:442}] to localhost:27017
2022-05-12 12:18:43,340 [INFO] org.mongodb.driver.cluster [cluster-ClusterId{value='627cadcb80f58c7cd242099b', description='null'}-localhost:27017] Monitor thread successfully connected to server with description ServerDescription{address=localhost:27017, type=STANDALONE, state=CONNECTED, ok=true, minWireVersion=0, maxWireVersion=9, maxDocumentSize=16777216, logicalSessionTimeoutMinutes=30, roundTripTimeNanos=4204700}
2022-05-12 12:18:43,918 [INFO] org.springframework.scheduling.concurrent.ThreadPoolTaskExecutor [main] Initializing ExecutorService 'applicationTaskExecutor'
2022-05-12 12:18:44,175 [INFO] org.springframework.boot.web.embedded.tomcat.TomcatWebServer [main] Tomcat started on port(s): 8080 (http) with context path ''
2022-05-12 12:18:44,188 [INFO] com.mongodb.example.MongodbApplication [main] Started MongodbApplication in 5.418 seconds (JVM running for 6.484)
2022-05-12 12:18:47,972 [INFO] org.apache.catalina.core.ContainerBase.[Tomcat].[localhost].[/] [http-nio-8080-exec-1] Initializing Spring DispatcherServlet 'dispatcherServlet'
2022-05-12 12:18:47,972 [INFO] org.springframework.web.servlet.DispatcherServlet [http-nio-8080-exec-1] Initializing Servlet 'dispatcherServlet'
2022-05-12 12:18:47,988 [INFO] org.springframework.web.servlet.DispatcherServlet [http-nio-8080-exec-1] Completed initialization in 16 ms
2022-05-12 12:18:48,090 [INFO] org.mongodb.driver.connection [http-nio-8080-exec-1] Opened connection [connectionId{localValue:2, serverValue:443}] to localhost:27017
2022-05-12 12:19:20,151 [INFO] org.springframework.scheduling.concurrent.ThreadPoolTaskExecutor [SpringContextShutdownHook] Shutting down ExecutorService 'applicationTaskExecutor'
2022-05-12 12:19:20,157 [INFO] org.mongodb.driver.connection [SpringContextShutdownHook] Closed connection [connectionId{localValue:2, serverValue:443}] to localhost:27017 because the pool has been closed.
2022-05-12 12:19:27,137 [INFO] com.mongodb.example.MongodbApplication [main] Starting MongodbApplication on dhruvil-p with PID 45736 (E:\mongodb\target\classes started by dhruvil.p in E:\mongodb)
2022-05-12 12:19:27,141 [INFO] com.mongodb.example.MongodbApplication [main] No active profile set, falling back to default profiles: default
2022-05-12 12:19:28,805 [INFO] org.springframework.data.repository.config.RepositoryConfigurationDelegate [main] Bootstrapping Spring Data MongoDB repositories in DEFAULT mode.
2022-05-12 12:19:28,949 [INFO] org.springframework.data.repository.config.RepositoryConfigurationDelegate [main] Finished Spring Data repository scanning in 135ms. Found 1 MongoDB repository interfaces.
2022-05-12 12:19:29,957 [INFO] org.springframework.boot.web.embedded.tomcat.TomcatWebServer [main] Tomcat initialized with port(s): 8080 (http)
2022-05-12 12:19:30,003 [INFO] org.apache.catalina.core.StandardService [main] Starting service [Tomcat]
2022-05-12 12:19:30,004 [INFO] org.apache.catalina.core.StandardEngine [main] Starting Servlet engine: [Apache Tomcat/9.0.39]
2022-05-12 12:19:30,220 [INFO] org.apache.catalina.core.ContainerBase.[Tomcat].[localhost].[/] [main] Initializing Spring embedded WebApplicationContext
2022-05-12 12:19:30,220 [INFO] org.springframework.boot.web.servlet.context.ServletWebServerApplicationContext [main] Root WebApplicationContext: initialization completed in 2971 ms
2022-05-12 12:19:30,433 [INFO] org.mongodb.driver.cluster [main] Cluster created with settings {hosts=[localhost:27017], mode=SINGLE, requiredClusterType=UNKNOWN, serverSelectionTimeout='30000 ms'}
2022-05-12 12:19:30,509 [INFO] org.mongodb.driver.connection [cluster-ClusterId{value='627cadfae8083f13803cbedc', description='null'}-localhost:27017] Opened connection [connectionId{localValue:1, serverValue:444}] to localhost:27017
2022-05-12 12:19:30,517 [INFO] org.mongodb.driver.cluster [cluster-ClusterId{value='627cadfae8083f13803cbedc', description='null'}-localhost:27017] Monitor thread successfully connected to server with description ServerDescription{address=localhost:27017, type=STANDALONE, state=CONNECTED, ok=true, minWireVersion=0, maxWireVersion=9, maxDocumentSize=16777216, logicalSessionTimeoutMinutes=30, roundTripTimeNanos=3684100}
2022-05-12 12:19:31,461 [INFO] org.springframework.scheduling.concurrent.ThreadPoolTaskExecutor [main] Initializing ExecutorService 'applicationTaskExecutor'
2022-05-12 12:19:31,766 [INFO] org.springframework.boot.web.embedded.tomcat.TomcatWebServer [main] Tomcat started on port(s): 8080 (http) with context path ''
2022-05-12 12:19:31,778 [INFO] com.mongodb.example.MongodbApplication [main] Started MongodbApplication in 5.522 seconds (JVM running for 6.485)
2022-05-12 12:19:37,269 [INFO] org.apache.catalina.core.ContainerBase.[Tomcat].[localhost].[/] [http-nio-8080-exec-2] Initializing Spring DispatcherServlet 'dispatcherServlet'
2022-05-12 12:19:37,269 [INFO] org.springframework.web.servlet.DispatcherServlet [http-nio-8080-exec-2] Initializing Servlet 'dispatcherServlet'
2022-05-12 12:19:37,280 [INFO] org.springframework.web.servlet.DispatcherServlet [http-nio-8080-exec-2] Completed initialization in 11 ms
2022-05-12 12:19:37,374 [INFO] org.mongodb.driver.connection [http-nio-8080-exec-2] Opened connection [connectionId{localValue:2, serverValue:445}] to localhost:27017
2022-05-12 12:20:34,462 [INFO] org.springframework.scheduling.concurrent.ThreadPoolTaskExecutor [SpringContextShutdownHook] Shutting down ExecutorService 'applicationTaskExecutor'
2022-05-12 12:20:34,468 [INFO] org.mongodb.driver.connection [SpringContextShutdownHook] Closed connection [connectionId{localValue:2, serverValue:445}] to localhost:27017 because the pool has been closed.
2022-05-12 12:20:41,317 [INFO] com.mongodb.example.MongodbApplication [main] Starting MongodbApplication on dhruvil-p with PID 17296 (E:\mongodb\target\classes started by dhruvil.p in E:\mongodb)
2022-05-12 12:20:41,321 [INFO] com.mongodb.example.MongodbApplication [main] No active profile set, falling back to default profiles: default
2022-05-12 12:20:42,955 [INFO] org.springframework.data.repository.config.RepositoryConfigurationDelegate [main] Bootstrapping Spring Data MongoDB repositories in DEFAULT mode.
2022-05-12 12:20:43,113 [INFO] org.springframework.data.repository.config.RepositoryConfigurationDelegate [main] Finished Spring Data repository scanning in 150ms. Found 1 MongoDB repository interfaces.
2022-05-12 12:20:44,106 [INFO] org.springframework.boot.web.embedded.tomcat.TomcatWebServer [main] Tomcat initialized with port(s): 8080 (http)
2022-05-12 12:20:44,129 [INFO] org.apache.catalina.core.StandardService [main] Starting service [Tomcat]
2022-05-12 12:20:44,130 [INFO] org.apache.catalina.core.StandardEngine [main] Starting Servlet engine: [Apache Tomcat/9.0.39]
2022-05-12 12:20:44,283 [INFO] org.apache.catalina.core.ContainerBase.[Tomcat].[localhost].[/] [main] Initializing Spring embedded WebApplicationContext
2022-05-12 12:20:44,283 [INFO] org.springframework.boot.web.servlet.context.ServletWebServerApplicationContext [main] Root WebApplicationContext: initialization completed in 2848 ms
2022-05-12 12:20:44,473 [INFO] org.mongodb.driver.cluster [main] Cluster created with settings {hosts=[localhost:27017], mode=SINGLE, requiredClusterType=UNKNOWN, serverSelectionTimeout='30000 ms'}
2022-05-12 12:20:44,544 [INFO] org.mongodb.driver.connection [cluster-ClusterId{value='627cae4491f8f37c310edf02', description='null'}-localhost:27017] Opened connection [connectionId{localValue:1, serverValue:446}] to localhost:27017
2022-05-12 12:20:44,553 [INFO] org.mongodb.driver.cluster [cluster-ClusterId{value='627cae4491f8f37c310edf02', description='null'}-localhost:27017] Monitor thread successfully connected to server with description ServerDescription{address=localhost:27017, type=STANDALONE, state=CONNECTED, ok=true, minWireVersion=0, maxWireVersion=9, maxDocumentSize=16777216, logicalSessionTimeoutMinutes=30, roundTripTimeNanos=4389600}
2022-05-12 12:20:45,175 [INFO] org.springframework.scheduling.concurrent.ThreadPoolTaskExecutor [main] Initializing ExecutorService 'applicationTaskExecutor'
2022-05-12 12:20:45,429 [INFO] org.springframework.boot.web.embedded.tomcat.TomcatWebServer [main] Tomcat started on port(s): 8080 (http) with context path ''
2022-05-12 12:20:45,440 [INFO] com.mongodb.example.MongodbApplication [main] Started MongodbApplication in 5.012 seconds (JVM running for 5.844)
2022-05-12 12:20:48,511 [INFO] org.apache.catalina.core.ContainerBase.[Tomcat].[localhost].[/] [http-nio-8080-exec-2] Initializing Spring DispatcherServlet 'dispatcherServlet'
2022-05-12 12:20:48,512 [INFO] org.springframework.web.servlet.DispatcherServlet [http-nio-8080-exec-2] Initializing Servlet 'dispatcherServlet'
2022-05-12 12:20:48,533 [INFO] org.springframework.web.servlet.DispatcherServlet [http-nio-8080-exec-2] Completed initialization in 21 ms
2022-05-12 12:20:48,697 [INFO] org.mongodb.driver.connection [http-nio-8080-exec-2] Opened connection [connectionId{localValue:2, serverValue:447}] to localhost:27017
2022-05-12 12:22:05,941 [INFO] org.springframework.scheduling.concurrent.ThreadPoolTaskExecutor [SpringContextShutdownHook] Shutting down ExecutorService 'applicationTaskExecutor'
2022-05-12 12:22:05,949 [INFO] org.mongodb.driver.connection [SpringContextShutdownHook] Closed connection [connectionId{localValue:2, serverValue:447}] to localhost:27017 because the pool has been closed.
2022-05-12 12:22:13,165 [INFO] com.mongodb.example.MongodbApplication [main] Starting MongodbApplication on dhruvil-p with PID 45436 (E:\mongodb\target\classes started by dhruvil.p in E:\mongodb)
2022-05-12 12:22:13,169 [INFO] com.mongodb.example.MongodbApplication [main] No active profile set, falling back to default profiles: default
2022-05-12 12:22:14,661 [INFO] org.springframework.data.repository.config.RepositoryConfigurationDelegate [main] Bootstrapping Spring Data MongoDB repositories in DEFAULT mode.
2022-05-12 12:22:14,785 [INFO] org.springframework.data.repository.config.RepositoryConfigurationDelegate [main] Finished Spring Data repository scanning in 114ms. Found 1 MongoDB repository interfaces.
2022-05-12 12:22:15,888 [INFO] org.springframework.boot.web.embedded.tomcat.TomcatWebServer [main] Tomcat initialized with port(s): 8080 (http)
2022-05-12 12:22:15,917 [INFO] org.apache.catalina.core.StandardService [main] Starting service [Tomcat]
2022-05-12 12:22:15,918 [INFO] org.apache.catalina.core.StandardEngine [main] Starting Servlet engine: [Apache Tomcat/9.0.39]
2022-05-12 12:22:16,103 [INFO] org.apache.catalina.core.ContainerBase.[Tomcat].[localhost].[/] [main] Initializing Spring embedded WebApplicationContext
2022-05-12 12:22:16,104 [INFO] org.springframework.boot.web.servlet.context.ServletWebServerApplicationContext [main] Root WebApplicationContext: initialization completed in 2844 ms
2022-05-12 12:22:16,392 [INFO] org.mongodb.driver.cluster [main] Cluster created with settings {hosts=[localhost:27017], mode=SINGLE, requiredClusterType=UNKNOWN, serverSelectionTimeout='30000 ms'}
2022-05-12 12:22:16,486 [INFO] org.mongodb.driver.connection [cluster-ClusterId{value='627caea0969d714a4cde1b1d', description='null'}-localhost:27017] Opened connection [connectionId{localValue:1, serverValue:448}] to localhost:27017
2022-05-12 12:22:16,498 [INFO] org.mongodb.driver.cluster [cluster-ClusterId{value='627caea0969d714a4cde1b1d', description='null'}-localhost:27017] Monitor thread successfully connected to server with description ServerDescription{address=localhost:27017, type=STANDALONE, state=CONNECTED, ok=true, minWireVersion=0, maxWireVersion=9, maxDocumentSize=16777216, logicalSessionTimeoutMinutes=30, roundTripTimeNanos=5563500}
2022-05-12 12:22:17,168 [INFO] org.springframework.scheduling.concurrent.ThreadPoolTaskExecutor [main] Initializing ExecutorService 'applicationTaskExecutor'
2022-05-12 12:22:17,411 [INFO] org.springframework.boot.web.embedded.tomcat.TomcatWebServer [main] Tomcat started on port(s): 8080 (http) with context path ''
2022-05-12 12:22:17,426 [INFO] com.mongodb.example.MongodbApplication [main] Started MongodbApplication in 5.165 seconds (JVM running for 6.156)
2022-05-12 12:22:20,740 [INFO] org.apache.catalina.core.ContainerBase.[Tomcat].[localhost].[/] [http-nio-8080-exec-2] Initializing Spring DispatcherServlet 'dispatcherServlet'
2022-05-12 12:22:20,740 [INFO] org.springframework.web.servlet.DispatcherServlet [http-nio-8080-exec-2] Initializing Servlet 'dispatcherServlet'
2022-05-12 12:22:20,750 [INFO] org.springframework.web.servlet.DispatcherServlet [http-nio-8080-exec-2] Completed initialization in 9 ms
2022-05-12 12:22:20,851 [INFO] org.mongodb.driver.connection [http-nio-8080-exec-2] Opened connection [connectionId{localValue:2, serverValue:449}] to localhost:27017
2022-05-12 12:26:16,845 [INFO] org.springframework.scheduling.concurrent.ThreadPoolTaskExecutor [SpringContextShutdownHook] Shutting down ExecutorService 'applicationTaskExecutor'
2022-05-12 12:26:16,854 [INFO] org.mongodb.driver.connection [SpringContextShutdownHook] Closed connection [connectionId{localValue:2, serverValue:449}] to localhost:27017 because the pool has been closed.
2022-05-12 12:26:24,109 [INFO] com.mongodb.example.MongodbApplication [main] Starting MongodbApplication on dhruvil-p with PID 35272 (E:\mongodb\target\classes started by dhruvil.p in E:\mongodb)
2022-05-12 12:26:24,112 [INFO] com.mongodb.example.MongodbApplication [main] No active profile set, falling back to default profiles: default
2022-05-12 12:26:25,566 [INFO] org.springframework.data.repository.config.RepositoryConfigurationDelegate [main] Bootstrapping Spring Data MongoDB repositories in DEFAULT mode.
2022-05-12 12:26:25,664 [INFO] org.springframework.data.repository.config.RepositoryConfigurationDelegate [main] Finished Spring Data repository scanning in 90ms. Found 1 MongoDB repository interfaces.
2022-05-12 12:26:26,735 [INFO] org.springframework.boot.web.embedded.tomcat.TomcatWebServer [main] Tomcat initialized with port(s): 8080 (http)
2022-05-12 12:26:26,761 [INFO] org.apache.catalina.core.StandardService [main] Starting service [Tomcat]
2022-05-12 12:26:26,761 [INFO] org.apache.catalina.core.StandardEngine [main] Starting Servlet engine: [Apache Tomcat/9.0.39]
2022-05-12 12:26:26,902 [INFO] org.apache.catalina.core.ContainerBase.[Tomcat].[localhost].[/] [main] Initializing Spring embedded WebApplicationContext
2022-05-12 12:26:26,903 [INFO] org.springframework.boot.web.servlet.context.ServletWebServerApplicationContext [main] Root WebApplicationContext: initialization completed in 2677 ms
2022-05-12 12:26:27,120 [INFO] org.mongodb.driver.cluster [main] Cluster created with settings {hosts=[localhost:27017], mode=SINGLE, requiredClusterType=UNKNOWN, serverSelectionTimeout='30000 ms'}
2022-05-12 12:26:27,198 [INFO] org.mongodb.driver.connection [cluster-ClusterId{value='627caf9bebeaea1a9206121e', description='null'}-localhost:27017] Opened connection [connectionId{localValue:1, serverValue:450}] to localhost:27017
2022-05-12 12:26:27,206 [INFO] org.mongodb.driver.cluster [cluster-ClusterId{value='627caf9bebeaea1a9206121e', description='null'}-localhost:27017] Monitor thread successfully connected to server with description ServerDescription{address=localhost:27017, type=STANDALONE, state=CONNECTED, ok=true, minWireVersion=0, maxWireVersion=9, maxDocumentSize=16777216, logicalSessionTimeoutMinutes=30, roundTripTimeNanos=4547100}
2022-05-12 12:26:27,762 [INFO] org.springframework.scheduling.concurrent.ThreadPoolTaskExecutor [main] Initializing ExecutorService 'applicationTaskExecutor'
2022-05-12 12:26:28,034 [INFO] org.springframework.boot.web.embedded.tomcat.TomcatWebServer [main] Tomcat started on port(s): 8080 (http) with context path ''
2022-05-12 12:26:28,047 [INFO] com.mongodb.example.MongodbApplication [main] Started MongodbApplication in 4.804 seconds (JVM running for 5.836)
2022-05-12 12:26:31,303 [INFO] org.apache.catalina.core.ContainerBase.[Tomcat].[localhost].[/] [http-nio-8080-exec-2] Initializing Spring DispatcherServlet 'dispatcherServlet'
2022-05-12 12:26:31,303 [INFO] org.springframework.web.servlet.DispatcherServlet [http-nio-8080-exec-2] Initializing Servlet 'dispatcherServlet'
2022-05-12 12:26:31,314 [INFO] org.springframework.web.servlet.DispatcherServlet [http-nio-8080-exec-2] Completed initialization in 11 ms
2022-05-12 12:26:31,416 [INFO] org.mongodb.driver.connection [http-nio-8080-exec-2] Opened connection [connectionId{localValue:2, serverValue:451}] to localhost:27017
2022-05-12 12:28:20,277 [INFO] org.springframework.scheduling.concurrent.ThreadPoolTaskExecutor [SpringContextShutdownHook] Shutting down ExecutorService 'applicationTaskExecutor'
2022-05-12 12:28:20,290 [INFO] org.mongodb.driver.connection [SpringContextShutdownHook] Closed connection [connectionId{localValue:2, serverValue:451}] to localhost:27017 because the pool has been closed.
2022-05-12 12:28:27,254 [INFO] com.mongodb.example.MongodbApplication [main] Starting MongodbApplication on dhruvil-p with PID 39900 (E:\mongodb\target\classes started by dhruvil.p in E:\mongodb)
2022-05-12 12:28:27,259 [INFO] com.mongodb.example.MongodbApplication [main] No active profile set, falling back to default profiles: default
2022-05-12 12:28:28,757 [INFO] org.springframework.data.repository.config.RepositoryConfigurationDelegate [main] Bootstrapping Spring Data MongoDB repositories in DEFAULT mode.
2022-05-12 12:28:28,884 [INFO] org.springframework.data.repository.config.RepositoryConfigurationDelegate [main] Finished Spring Data repository scanning in 121ms. Found 1 MongoDB repository interfaces.
2022-05-12 12:28:29,925 [INFO] org.springframework.boot.web.embedded.tomcat.TomcatWebServer [main] Tomcat initialized with port(s): 8080 (http)
2022-05-12 12:28:29,952 [INFO] org.apache.catalina.core.StandardService [main] Starting service [Tomcat]
2022-05-12 12:28:29,952 [INFO] org.apache.catalina.core.StandardEngine [main] Starting Servlet engine: [Apache Tomcat/9.0.39]
2022-05-12 12:28:30,100 [INFO] org.apache.catalina.core.ContainerBase.[Tomcat].[localhost].[/] [main] Initializing Spring embedded WebApplicationContext
2022-05-12 12:28:30,101 [INFO] org.springframework.boot.web.servlet.context.ServletWebServerApplicationContext [main] Root WebApplicationContext: initialization completed in 2707 ms
2022-05-12 12:28:30,343 [INFO] org.mongodb.driver.cluster [main] Cluster created with settings {hosts=[localhost:27017], mode=SINGLE, requiredClusterType=UNKNOWN, serverSelectionTimeout='30000 ms'}
2022-05-12 12:28:30,407 [INFO] org.mongodb.driver.connection [cluster-ClusterId{value='627cb0163e30f97c962b31ff', description='null'}-localhost:27017] Opened connection [connectionId{localValue:1, serverValue:452}] to localhost:27017
2022-05-12 12:28:30,414 [INFO] org.mongodb.driver.cluster [cluster-ClusterId{value='627cb0163e30f97c962b31ff', description='null'}-localhost:27017] Monitor thread successfully connected to server with description ServerDescription{address=localhost:27017, type=STANDALONE, state=CONNECTED, ok=true, minWireVersion=0, maxWireVersion=9, maxDocumentSize=16777216, logicalSessionTimeoutMinutes=30, roundTripTimeNanos=4125700}
2022-05-12 12:28:31,103 [INFO] org.springframework.scheduling.concurrent.ThreadPoolTaskExecutor [main] Initializing ExecutorService 'applicationTaskExecutor'
2022-05-12 12:28:31,379 [INFO] org.springframework.boot.web.embedded.tomcat.TomcatWebServer [main] Tomcat started on port(s): 8080 (http) with context path ''
2022-05-12 12:28:31,392 [INFO] com.mongodb.example.MongodbApplication [main] Started MongodbApplication in 5.117 seconds (JVM running for 6.051)
2022-05-12 12:28:35,710 [INFO] org.apache.catalina.core.ContainerBase.[Tomcat].[localhost].[/] [http-nio-8080-exec-2] Initializing Spring DispatcherServlet 'dispatcherServlet'
2022-05-12 12:28:35,710 [INFO] org.springframework.web.servlet.DispatcherServlet [http-nio-8080-exec-2] Initializing Servlet 'dispatcherServlet'
2022-05-12 12:28:35,722 [INFO] org.springframework.web.servlet.DispatcherServlet [http-nio-8080-exec-2] Completed initialization in 12 ms
2022-05-12 12:28:35,812 [INFO] org.mongodb.driver.connection [http-nio-8080-exec-2] Opened connection [connectionId{localValue:2, serverValue:453}] to localhost:27017
2022-05-12 12:29:24,907 [INFO] org.springframework.scheduling.concurrent.ThreadPoolTaskExecutor [SpringContextShutdownHook] Shutting down ExecutorService 'applicationTaskExecutor'
2022-05-12 12:29:24,911 [INFO] org.mongodb.driver.connection [SpringContextShutdownHook] Closed connection [connectionId{localValue:2, serverValue:453}] to localhost:27017 because the pool has been closed.
2022-05-12 12:29:33,074 [INFO] com.mongodb.example.MongodbApplication [main] Starting MongodbApplication on dhruvil-p with PID 36508 (E:\mongodb\target\classes started by dhruvil.p in E:\mongodb)
2022-05-12 12:29:33,078 [INFO] com.mongodb.example.MongodbApplication [main] No active profile set, falling back to default profiles: default
2022-05-12 12:29:34,583 [INFO] org.springframework.data.repository.config.RepositoryConfigurationDelegate [main] Bootstrapping Spring Data MongoDB repositories in DEFAULT mode.
2022-05-12 12:29:34,727 [INFO] org.springframework.data.repository.config.RepositoryConfigurationDelegate [main] Finished Spring Data repository scanning in 136ms. Found 1 MongoDB repository interfaces.
2022-05-12 12:29:35,803 [INFO] org.springframework.boot.web.embedded.tomcat.TomcatWebServer [main] Tomcat initialized with port(s): 8080 (http)
2022-05-12 12:29:35,821 [INFO] org.apache.catalina.core.StandardService [main] Starting service [Tomcat]
2022-05-12 12:29:35,821 [INFO] org.apache.catalina.core.StandardEngine [main] Starting Servlet engine: [Apache Tomcat/9.0.39]
2022-05-12 12:29:36,000 [INFO] org.apache.catalina.core.ContainerBase.[Tomcat].[localhost].[/] [main] Initializing Spring embedded WebApplicationContext
2022-05-12 12:29:36,000 [INFO] org.springframework.boot.web.servlet.context.ServletWebServerApplicationContext [main] Root WebApplicationContext: initialization completed in 2805 ms
2022-05-12 12:29:36,224 [INFO] org.mongodb.driver.cluster [main] Cluster created with settings {hosts=[localhost:27017], mode=SINGLE, requiredClusterType=UNKNOWN, serverSelectionTimeout='30000 ms'}
2022-05-12 12:29:36,307 [INFO] org.mongodb.driver.connection [cluster-ClusterId{value='627cb058cfb7001d23519249', description='null'}-localhost:27017] Opened connection [connectionId{localValue:1, serverValue:454}] to localhost:27017
2022-05-12 12:29:36,317 [INFO] org.mongodb.driver.cluster [cluster-ClusterId{value='627cb058cfb7001d23519249', description='null'}-localhost:27017] Monitor thread successfully connected to server with description ServerDescription{address=localhost:27017, type=STANDALONE, state=CONNECTED, ok=true, minWireVersion=0, maxWireVersion=9, maxDocumentSize=16777216, logicalSessionTimeoutMinutes=30, roundTripTimeNanos=4188300}
2022-05-12 12:29:37,022 [INFO] org.springframework.scheduling.concurrent.ThreadPoolTaskExecutor [main] Initializing ExecutorService 'applicationTaskExecutor'
2022-05-12 12:29:37,308 [INFO] org.springframework.boot.web.embedded.tomcat.TomcatWebServer [main] Tomcat started on port(s): 8080 (http) with context path ''
2022-05-12 12:29:37,321 [INFO] com.mongodb.example.MongodbApplication [main] Started MongodbApplication in 5.433 seconds (JVM running for 6.644)
2022-05-12 12:29:40,515 [INFO] org.apache.catalina.core.ContainerBase.[Tomcat].[localhost].[/] [http-nio-8080-exec-2] Initializing Spring DispatcherServlet 'dispatcherServlet'
2022-05-12 12:29:40,516 [INFO] org.springframework.web.servlet.DispatcherServlet [http-nio-8080-exec-2] Initializing Servlet 'dispatcherServlet'
2022-05-12 12:29:40,531 [INFO] org.springframework.web.servlet.DispatcherServlet [http-nio-8080-exec-2] Completed initialization in 15 ms
2022-05-12 12:29:40,683 [INFO] org.mongodb.driver.connection [http-nio-8080-exec-2] Opened connection [connectionId{localValue:2, serverValue:455}] to localhost:27017
